Determining if the pthread_create exist failed with the following output:
Change Dir: /home/chenyushen/ros/build/CMakeFiles/CMakeTmp

Run Build Command:/usr/bin/make "cmTryCompileExec3546255171/fast"
/usr/bin/make -f CMakeFiles/cmTryCompileExec3546255171.dir/build.make CMakeFiles/cmTryCompileExec3546255171.dir/build
make[1]: Entering directory `/home/chenyushen/ros/build/CMakeFiles/CMakeTmp'
/usr/bin/cmake -E cmake_progress_report /home/chenyushen/ros/build/CMakeFiles/CMakeTmp/CMakeFiles 1
Building C object CMakeFiles/cmTryCompileExec3546255171.dir/CheckSymbolExists.c.o
/usr/bin/cc    -o CMakeFiles/cmTryCompileExec3546255171.dir/CheckSymbolExists.c.o   -c /home/chenyushen/ros/build/CMakeFiles/CMakeTmp/CheckSymbolExists.c
Linking C executable cmTryCompileExec3546255171
/usr/bin/cmake -E cmake_link_script CMakeFiles/cmTryCompileExec3546255171.dir/link.txt --verbose=1
/usr/bin/cc       CMakeFiles/cmTryCompileExec3546255171.dir/CheckSymbolExists.c.o  -o cmTryCompileExec3546255171 -rdynamic 
CMakeFiles/cmTryCompileExec3546255171.dir/CheckSymbolExists.c.o: In function `main':
CheckSymbolExists.c:(.text+0x16): undefined reference to `pthread_create'
make[1]: Leaving directory `/home/chenyushen/ros/build/CMakeFiles/CMakeTmp'
collect2: error: ld returned 1 exit status
make[1]: *** [cmTryCompileExec3546255171] Error 1
make: *** [cmTryCompileExec3546255171/fast] Error 2

File /home/chenyushen/ros/build/CMakeFiles/CMakeTmp/CheckSymbolExists.c:
/* */
#include <pthread.h>

int main(int argc, char** argv)
{
  (void)argv;
#ifndef pthread_create
  return ((int*)(&pthread_create))[argc];
#else
  (void)argc;
  return 0;
#endif
}

Determining if the function pthread_create exists in the pthreads failed with the following output:
Change Dir: /home/chenyushen/ros/build/CMakeFiles/CMakeTmp

Run Build Command:/usr/bin/make "cmTryCompileExec538095719/fast"
/usr/bin/make -f CMakeFiles/cmTryCompileExec538095719.dir/build.make CMakeFiles/cmTryCompileExec538095719.dir/build
make[1]: Entering directory `/home/chenyushen/ros/build/CMakeFiles/CMakeTmp'
/usr/bin/cmake -E cmake_progress_report /home/chenyushen/ros/build/CMakeFiles/CMakeTmp/CMakeFiles 1
Building C object CMakeFiles/cmTryCompileExec538095719.dir/CheckFunctionExists.c.o
/usr/bin/cc   -DCHECK_FUNCTION_EXISTS=pthread_create   -o CMakeFiles/cmTryCompileExec538095719.dir/CheckFunctionExists.c.o   -c /usr/share/cmake-2.8/Modules/CheckFunctionExists.c
Linking C executable cmTryCompileExec538095719
/usr/bin/cmake -E cmake_link_script CMakeFiles/cmTryCompileExec538095719.dir/link.txt --verbose=1
/usr/bin/cc   -DCHECK_FUNCTION_EXISTS=pthread_create    CMakeFiles/cmTryCompileExec538095719.dir/CheckFunctionExists.c.o  -o cmTryCompileExec538095719 -rdynamic -lpthreads 
/usr/bin/ld: cannot find -lpthreads
make[1]: Leaving directory `/home/chenyushen/ros/build/CMakeFiles/CMakeTmp'
collect2: error: ld returned 1 exit status
make[1]: *** [cmTryCompileExec538095719] Error 1
make: *** [cmTryCompileExec538095719/fast] Error 2


